app/build 2/intermediates/manifest_merge_blame_file/debug/manifest-merger-blame-debug-report.txt
1<?xml version="1.0" encoding="utf-8"?>
2<manifest xmlns:android="http://schemas.android.com/apk/res/android"
3    package="com.example.thumbnailtele2"
4    android:versionCode="1"
5    android:versionName="1.0" >
6
7    <uses-sdk
8        android:minSdkVersion="24"
8-->src/main/AndroidManifest.xml
9        android:targetSdkVersion="32" />
9-->src/main/AndroidManifest.xml
10
11    <uses-permission android:name="android.permission.INTERNET" />
11-->src/main/AndroidManifest.xml:6:5-66
11-->src/main/AndroidManifest.xml:6:22-64
12
13    <application
13-->src/main/AndroidManifest.xml:8:5-27:19
14        android:allowBackup="true"
14-->src/main/AndroidManifest.xml:9:9-35
15        android:appComponentFactory="androidx.core.app.CoreComponentFactory"
15-->[androidx.core:core:1.8.0] AndroidManifest.xml:24:18-86
16        android:dataExtractionRules="@xml/data_extraction_rules"
16-->src/main/AndroidManifest.xml:10:9-65
17        android:debuggable="true"
18        android:extractNativeLibs="false"
19        android:fullBackupContent="@xml/backup_rules"
19-->src/main/AndroidManifest.xml:11:9-54
20        android:icon="@mipmap/ic_launcher"
20-->src/main/AndroidManifest.xml:12:9-43
21        android:label="@string/app_name"
21-->src/main/AndroidManifest.xml:13:9-41
22        android:roundIcon="@mipmap/ic_launcher_round"
22-->src/main/AndroidManifest.xml:14:9-54
23        android:supportsRtl="true"
23-->src/main/AndroidManifest.xml:15:9-35
24        android:theme="@style/Theme.ThumbnailTele2" >
24-->src/main/AndroidManifest.xml:16:9-52
25        <activity
25-->src/main/AndroidManifest.xml:18:9-26:20
26            android:name="com.example.thumbnailtele2.MainActivity"
26-->src/main/AndroidManifest.xml:19:13-41
27            android:exported="true" >
27-->src/main/AndroidManifest.xml:20:13-36
28            <intent-filter>
28-->src/main/AndroidManifest.xml:21:13-25:29
29                <action android:name="android.intent.action.MAIN" />
29-->src/main/AndroidManifest.xml:22:17-69
29-->src/main/AndroidManifest.xml:22:25-66
30
31                <category android:name="android.intent.category.LAUNCHER" />
31-->src/main/AndroidManifest.xml:24:17-77
31-->src/main/AndroidManifest.xml:24:27-74
32            </intent-filter>
33        </activity>
34
35        <provider
35-->[androidx.emoji2:emoji2:1.2.0] AndroidManifest.xml:24:9-32:20
36            android:name="androidx.startup.InitializationProvider"
36-->[androidx.emoji2:emoji2:1.2.0] AndroidManifest.xml:25:13-67
37            android:authorities="com.example.thumbnailtele2.androidx-startup"
37-->[androidx.emoji2:emoji2:1.2.0] AndroidManifest.xml:26:13-68
38            android:exported="false" >
38-->[androidx.emoji2:emoji2:1.2.0] AndroidManifest.xml:27:13-37
39            <meta-data
39-->[androidx.emoji2:emoji2:1.2.0] AndroidManifest.xml:29:13-31:52
40                android:name="androidx.emoji2.text.EmojiCompatInitializer"
40-->[androidx.emoji2:emoji2:1.2.0] AndroidManifest.xml:30:17-75
41                android:value="androidx.startup" />
41-->[androidx.emoji2:emoji2:1.2.0] AndroidManifest.xml:31:17-49
42            <meta-data
42-->[androidx.lifecycle:lifecycle-process:2.4.1] AndroidManifest.xml:31:13-33:52
43                android:name="androidx.lifecycle.ProcessLifecycleInitializer"
43-->[androidx.lifecycle:lifecycle-process:2.4.1] AndroidManifest.xml:32:17-78
44                android:value="androidx.startup" />
44-->[androidx.lifecycle:lifecycle-process:2.4.1] AndroidManifest.xml:33:17-49
45        </provider>
46    </application>
47
48</manifest>